----------------------------------------------------------------
Sun Jul 25 13:37:04 IST 2021:
Booting Derby version The Apache Software Foundation - Apache Derby - 10.14.2.0 - (1828579): instance a816c00e-017a-dcb4-0730-000002316000 
on database directory memory:C:\Users\hpatel2\eclipse-workspace\springbootdata\0eeb396e-e50b-4ee7-8d3c-339cab1686af with class loader jdk.internal.loader.ClassLoaders$AppClassLoader@579bb367 
Loaded from file:/C:/Users/hpatel2/.m2/repository/org/apache/derby/derby/10.14.2.0/derby-10.14.2.0.jar
java.vendor=Oracle Corporation
java.runtime.version=16.0.1+9-24
user.dir=C:\Users\hpatel2\eclipse-workspace\springbootdata
os.name=Windows 10
os.arch=amd64
os.version=10.0
derby.system.home=null
Database Class Loader started - derby.database.classpath=''
----------------------------------------------------------------
Sun Jul 25 13:40:43 IST 2021:
Shutting down instance a816c00e-017a-dcb4-0730-000002316000 on database directory memory:C:\Users\hpatel2\eclipse-workspace\springbootdata\0eeb396e-e50b-4ee7-8d3c-339cab1686af with class loader jdk.internal.loader.ClassLoaders$AppClassLoader@579bb367 
----------------------------------------------------------------
Sun Jul 25 13:40:45 IST 2021:
Booting Derby version The Apache Software Foundation - Apache Derby - 10.14.2.0 - (1828579): instance ac3880cc-017a-dcb4-0730-000002316000 
on database directory memory:C:\Users\hpatel2\eclipse-workspace\springbootdata\712cbc40-75cc-4c72-8066-a2ec1c576c3d with class loader jdk.internal.loader.ClassLoaders$AppClassLoader@579bb367 
Loaded from file:/C:/Users/hpatel2/.m2/repository/org/apache/derby/derby/10.14.2.0/derby-10.14.2.0.jar
java.vendor=Oracle Corporation
java.runtime.version=16.0.1+9-24
user.dir=C:\Users\hpatel2\eclipse-workspace\springbootdata
os.name=Windows 10
os.arch=amd64
os.version=10.0
derby.system.home=null
Database Class Loader started - derby.database.classpath=''
